\BOOKMARK [1][-]{section*.1}{Abstract}{}% 1
\BOOKMARK [1][-]{section.1}{Introduction}{}% 2
\BOOKMARK [1][-]{section.2}{Problem Statement}{}% 3
\BOOKMARK [1][-]{section.3}{UML Design}{}% 4
\BOOKMARK [2][-]{subsection.3.1}{Use Case Diagram}{section.3}% 5
\BOOKMARK [3][-]{subsubsection.3.1.1}{Visitor}{subsection.3.1}% 6
\BOOKMARK [3][-]{subsubsection.3.1.2}{Volunteer}{subsection.3.1}% 7
\BOOKMARK [3][-]{subsubsection.3.1.3}{Super Admin}{subsection.3.1}% 8
\BOOKMARK [3][-]{subsubsection.3.1.4}{Server}{subsection.3.1}% 9
\BOOKMARK [2][-]{subsection.3.2}{UML Class Diagram}{section.3}% 10
\BOOKMARK [1][-]{section.4}{Framework of the Development}{}% 11
\BOOKMARK [2][-]{subsection.4.1}{Logical Architecture Diagram}{section.4}% 12
\BOOKMARK [1][-]{section.5}{Tools and Technology Used}{}% 13
\BOOKMARK [1][-]{section.6}{Graphical User Interface of the System}{}% 14
\BOOKMARK [2][-]{subsection.6.1}{Homepage}{section.6}% 15
\BOOKMARK [2][-]{subsection.6.2}{List of Political Party}{section.6}% 16
\BOOKMARK [2][-]{subsection.6.3}{Details of Political Party}{section.6}% 17
\BOOKMARK [2][-]{subsection.6.4}{Details of Nominee}{section.6}% 18
\BOOKMARK [2][-]{subsection.6.5}{Details of Constituency}{section.6}% 19
\BOOKMARK [1][-]{section*.3}{Appendices}{}% 20
\BOOKMARK [1][-]{Appendix.1.A}{Installation}{}% 21
\BOOKMARK [2][-]{subsection.1.A.1}{Installing Python}{Appendix.1.A}% 22
\BOOKMARK [2][-]{subsection.1.A.2}{Creating an isolated Python environment}{Appendix.1.A}% 23
\BOOKMARK [2][-]{subsection.1.A.3}{Setting up Election Portal on Virtual Environment}{Appendix.1.A}% 24
